d:\c++alg\tsparser\tsparser\tsparser\debug\vc120.pdb
d:\c++alg\tsparser\tsparser\tsparser\debug\vc120.idb
d:\c++alg\tsparser\tsparser\tsparser\debug\baseparser.obj
d:\c++alg\tsparser\tsparser\tsparser\debug\fileoperator.obj
d:\c++alg\tsparser\tsparser\tsparser\debug\httpdownload.obj
d:\c++alg\tsparser\tsparser\tsparser\debug\iohanlder.obj
d:\c++alg\tsparser\tsparser\tsparser\debug\m3uparser.obj
d:\c++alg\tsparser\tsparser\tsparser\debug\mp4fileparser.obj
d:\c++alg\tsparser\tsparser\tsparser\debug\stdafx.obj
d:\c++alg\tsparser\tsparser\tsparser\debug\main.obj
d:\c++alg\tsparser\tsparser\tsparser\debug\tsfileparser.obj
d:\c++alg\tsparser\tsparser\tsparser\debug\hlsparser.obj
d:\c++alg\tsparser\tsparser\tsparser\debug\tsparser.ilk
d:\c++alg\tsparser\tsparser\tsparser\debug\tsparser.exe
d:\c++alg\tsparser\tsparser\tsparser\debug\tsparser.pdb
d:\c++alg\tsparser\tsparser\tsparser\debug\tsparser.tlog\cl.command.1.tlog
d:\c++alg\tsparser\tsparser\tsparser\debug\tsparser.tlog\cl.read.1.tlog
d:\c++alg\tsparser\tsparser\tsparser\debug\tsparser.tlog\cl.write.1.tlog
d:\c++alg\tsparser\tsparser\tsparser\debug\tsparser.tlog\link.command.1.tlog
d:\c++alg\tsparser\tsparser\tsparser\debug\tsparser.tlog\link.read.1.tlog
d:\c++alg\tsparser\tsparser\tsparser\debug\tsparser.tlog\link.write.1.tlog
